C:\Users\cidos\Source\Repos\WalkingSkeleton\WalkingSkeletonApi\Walking-Skeleton-SPA\dist\out-tsc\e2e\src\app.po.js
C:\Users\cidos\Source\Repos\WalkingSkeleton\WalkingSkeletonApi\Walking-Skeleton-SPA\dist\out-tsc\e2e\src\app.po.js.map
C:\Users\cidos\Source\Repos\WalkingSkeleton\WalkingSkeletonApi\Walking-Skeleton-SPA\dist\out-tsc\e2e\src\app.e2e-spec.js
C:\Users\cidos\Source\Repos\WalkingSkeleton\WalkingSkeletonApi\Walking-Skeleton-SPA\dist\out-tsc\e2e\src\app.e2e-spec.js.map
C:\Users\cidos\Source\Repos\WalkingSkeleton\WalkingSkeletonApi\Walking-Skeleton-SPA\dist\out-tsc\src\app\app.component.js
C:\Users\cidos\Source\Repos\WalkingSkeleton\WalkingSkeletonApi\Walking-Skeleton-SPA\dist\out-tsc\src\app\app.component.js.map
C:\Users\cidos\Source\Repos\WalkingSkeleton\WalkingSkeletonApi\Walking-Skeleton-SPA\dist\out-tsc\src\app\values\values.component.js
C:\Users\cidos\Source\Repos\WalkingSkeleton\WalkingSkeletonApi\Walking-Skeleton-SPA\dist\out-tsc\src\app\values\values.component.js.map
C:\Users\cidos\Source\Repos\WalkingSkeleton\WalkingSkeletonApi\Walking-Skeleton-SPA\dist\out-tsc\src\app\app.module.js
C:\Users\cidos\Source\Repos\WalkingSkeleton\WalkingSkeletonApi\Walking-Skeleton-SPA\dist\out-tsc\src\app\app.module.js.map
C:\Users\cidos\Source\Repos\WalkingSkeleton\WalkingSkeletonApi\Walking-Skeleton-SPA\dist\out-tsc\src\environments\environment.js
C:\Users\cidos\Source\Repos\WalkingSkeleton\WalkingSkeletonApi\Walking-Skeleton-SPA\dist\out-tsc\src\environments\environment.js.map
C:\Users\cidos\Source\Repos\WalkingSkeleton\WalkingSkeletonApi\Walking-Skeleton-SPA\dist\out-tsc\src\main.js
C:\Users\cidos\Source\Repos\WalkingSkeleton\WalkingSkeletonApi\Walking-Skeleton-SPA\dist\out-tsc\src\main.js.map
C:\Users\cidos\Source\Repos\WalkingSkeleton\WalkingSkeletonApi\Walking-Skeleton-SPA\dist\out-tsc\src\polyfills.js
C:\Users\cidos\Source\Repos\WalkingSkeleton\WalkingSkeletonApi\Walking-Skeleton-SPA\dist\out-tsc\src\polyfills.js.map
C:\Users\cidos\Source\Repos\WalkingSkeleton\WalkingSkeletonApi\Walking-Skeleton-SPA\dist\out-tsc\src\test.js
C:\Users\cidos\Source\Repos\WalkingSkeleton\WalkingSkeletonApi\Walking-Skeleton-SPA\dist\out-tsc\src\test.js.map
C:\Users\cidos\Source\Repos\WalkingSkeleton\WalkingSkeletonApi\Walking-Skeleton-SPA\dist\out-tsc\src\app\app.component.spec.js
C:\Users\cidos\Source\Repos\WalkingSkeleton\WalkingSkeletonApi\Walking-Skeleton-SPA\dist\out-tsc\src\app\app.component.spec.js.map
C:\Users\cidos\Source\Repos\WalkingSkeleton\WalkingSkeletonApi\Walking-Skeleton-SPA\dist\out-tsc\src\app\values\values.component.spec.js
C:\Users\cidos\Source\Repos\WalkingSkeleton\WalkingSkeletonApi\Walking-Skeleton-SPA\dist\out-tsc\src\app\values\values.component.spec.js.map
C:\Users\cidos\Source\Repos\WalkingSkeleton\WalkingSkeletonApi\Walking-Skeleton-SPA\dist\out-tsc\src\environments\environment.prod.js
C:\Users\cidos\Source\Repos\WalkingSkeleton\WalkingSkeletonApi\Walking-Skeleton-SPA\dist\out-tsc\src\environments\environment.prod.js.map
